<?xml version="1.0" encoding="UTF-8"?>
<!-- Generated by org.testng.reporters.JUnitXMLReporter -->
<testsuite ignored="7" hostname="LAPTOP-315ES3TD" failures="1" tests="1" name="Default test" time="24.169" errors="0" timestamp="2022-10-13T16:16:31 IST">
  <testcase classname="TestCase.TestCase" name="ClicOnDrop" time="11.355">
    <failure type="java.lang.UnsupportedOperationException" message="You may only deselect options of a multi-select">
      <![CDATA[java.lang.UnsupportedOperationException: You may only deselect options of a multi-select
at org.openqa.selenium.support.ui.Select.deselectByIndex(Select.java:238)
at PageLayers.ContacUs.Selectheading(ContacUs.java:46)
at TestCase.TestCase.ClicOnDrop(TestCase.java:57)
at java.base/jdk.internal.reflect.NativeMethodAccessorImpl.invoke0(Native Method)
at java.base/jdk.internal.reflect.NativeMethodAccessorImpl.invoke(NativeMethodAccessorImpl.java:77)
at java.base/jdk.internal.reflect.DelegatingMethodAccessorImpl.invoke(DelegatingMethodAccessorImpl.java:43)
at java.base/java.lang.reflect.Method.invoke(Method.java:568)
at org.testng.internal.MethodInvocationHelper.invokeMethod(MethodInvocationHelper.java:133)
at org.testng.internal.TestInvoker.invokeMethod(TestInvoker.java:598)
at org.testng.internal.TestInvoker.invokeTestMethod(TestInvoker.java:173)
at org.testng.internal.MethodRunner.runInSequence(MethodRunner.java:46)
at org.testng.internal.TestInvoker$MethodInvocationAgent.invoke(TestInvoker.java:824)
at org.testng.internal.TestInvoker.invokeTestMethods(TestInvoker.java:146)
at org.testng.internal.TestMethodWorker.invokeTestMethods(TestMethodWorker.java:146)
at org.testng.internal.TestMethodWorker.run(TestMethodWorker.java:128)
at java.base/java.util.ArrayList.forEach(ArrayList.java:1511)
at org.testng.TestRunner.privateRun(TestRunner.java:794)
at org.testng.TestRunner.run(TestRunner.java:596)
at org.testng.SuiteRunner.runTest(SuiteRunner.java:377)
at org.testng.SuiteRunner.runSequentially(SuiteRunner.java:371)
at org.testng.SuiteRunner.privateRun(SuiteRunner.java:332)
at org.testng.SuiteRunner.run(SuiteRunner.java:276)
at org.testng.SuiteRunnerWorker.runSuite(SuiteRunnerWorker.java:53)
at org.testng.SuiteRunnerWorker.run(SuiteRunnerWorker.java:96)
at org.testng.TestNG.runSuitesSequentially(TestNG.java:1212)
at org.testng.TestNG.runSuitesLocally(TestNG.java:1134)
at org.testng.TestNG.runSuites(TestNG.java:1063)
at org.testng.TestNG.run(TestNG.java:1031)
at org.testng.remote.AbstractRemoteTestNG.run(AbstractRemoteTestNG.java:115)
at org.testng.remote.RemoteTestNG.initAndRun(RemoteTestNG.java:251)
at org.testng.remote.RemoteTestNG.main(RemoteTestNG.java:77)
]]>
    </failure>
  </testcase> <!-- ClicOnDrop -->
  <testcase classname="TestCase.TestCase" name="verifyInputMail" time="0.0">
    <ignored/>
  </testcase> <!-- verifyInputMail -->
  <testcase classname="TestCase.TestCase" name="VerifyInputLastName" time="0.0">
    <ignored/>
  </testcase> <!-- VerifyInputLastName -->
  <testcase classname="TestCase.TestCase" name="VerifyInputFirstName" time="0.0">
    <ignored/>
  </testcase> <!-- VerifyInputFirstName -->
  <testcase classname="TestCase.TestCase" name="ClickOnContacUs" time="0.0">
    <ignored/>
  </testcase> <!-- ClickOnContacUs -->
  <testcase classname="TestCase.TestCase" name="VerifyCreatingAccount" time="0.0">
    <ignored/>
  </testcase> <!-- VerifyCreatingAccount -->
  <testcase classname="TestCase.TestCase" name="verifyClicOnGender" time="0.0">
    <ignored/>
  </testcase> <!-- verifyClicOnGender -->
  <testcase classname="TestCase.TestCase" name="InputPassWord" time="0.0">
    <ignored/>
  </testcase> <!-- InputPassWord -->
</testsuite> <!-- Default test -->
